{"/Users/anand/ws/rat/genesis/grablin3/meta-cli/smartpump/src/lib/auth.ts": {"path":"/Users/anand/ws/rat/genesis/grablin3/meta-cli/smartpump/src/lib/auth.ts","statementMap":{"0":{"start":{"line":3,"column":4},"end":{"line":3,"column":19}},"1":{"start":{"line":4,"column":4},"end":{"line":4,"column":28}},"2":{"start":{"line":13,"column":16},"end":{"line":13,"column":64}},"3":{"start":{"line":14,"column":2},"end":{"line":19,"column":3}},"4":{"start":{"line":15,"column":4},"end":{"line":18,"column":6}},"5":{"start":{"line":20,"column":2},"end":{"line":20,"column":15}},"6":{"start":{"line":27,"column":2},"end":{"line":27,"column":62}},"7":{"start":{"line":35,"column":2},"end":{"line":37,"column":4}},"8":{"start":{"line":50,"column":2},"end":{"line":52,"column":3}},"9":{"start":{"line":51,"column":4},"end":{"line":51,"column":16}},"10":{"start":{"line":54,"column":2},"end":{"line":74,"column":3}},"11":{"start":{"line":55,"column":21},"end":{"line":61,"column":6}},"12":{"start":{"line":63,"column":4},"end":{"line":70,"column":5}},"13":{"start":{"line":64,"column":6},"end":{"line":69,"column":9}},"14":{"start":{"line":71,"column":4},"end":{"line":71,"column":16}},"15":{"start":{"line":73,"column":4},"end":{"line":73,"column":16}}},"fnMap":{"0":{"name":"(anonymous_0)","decl":{"start":{"line":2,"column":2},"end":{"line":2,"column":14}},"loc":{"start":{"line":2,"column":29},"end":{"line":5,"column":3}}},"1":{"name":"getToken","decl":{"start":{"line":12,"column":16},"end":{"line":12,"column":24}},"loc":{"start":{"line":12,"column":24},"end":{"line":21,"column":1}}},"2":{"name":"hasToken","decl":{"start":{"line":26,"column":16},"end":{"line":26,"column":24}},"loc":{"start":{"line":26,"column":24},"end":{"line":28,"column":1}}},"3":{"name":"getAuthHeaders","decl":{"start":{"line":34,"column":16},"end":{"line":34,"column":30}},"loc":{"start":{"line":34,"column":30},"end":{"line":38,"column":1}}},"4":{"name":"getGitHubUser","decl":{"start":{"line":44,"column":22},"end":{"line":44,"column":35}},"loc":{"start":{"line":44,"column":35},"end":{"line":75,"column":1}}}},"branchMap":{"0":{"loc":{"start":{"line":13,"column":16},"end":{"line":13,"column":64}},"type":"binary-expr","locations":[{"start":{"line":13,"column":16},"end":{"line":13,"column":40}},{"start":{"line":13,"column":44},"end":{"line":13,"column":64}}]},"1":{"loc":{"start":{"line":14,"column":2},"end":{"line":19,"column":3}},"type":"if","locations":[{"start":{"line":14,"column":2},"end":{"line":19,"column":3}}]},"2":{"loc":{"start":{"line":27,"column":12},"end":{"line":27,"column":60}},"type":"binary-expr","locations":[{"start":{"line":27,"column":12},"end":{"line":27,"column":36}},{"start":{"line":27,"column":40},"end":{"line":27,"column":60}}]},"3":{"loc":{"start":{"line":50,"column":2},"end":{"line":52,"column":3}},"type":"if","locations":[{"start":{"line":50,"column":2},"end":{"line":52,"column":3}}]},"4":{"loc":{"start":{"line":63,"column":4},"end":{"line":70,"column":5}},"type":"if","locations":[{"start":{"line":63,"column":4},"end":{"line":70,"column":5}}]}},"s":{"0":4,"1":4,"2":18,"3":18,"4":4,"5":14,"6":16,"7":12,"8":4,"9":1,"10":3,"11":3,"12":2,"13":1,"14":1,"15":1},"f":{"0":4,"1":18,"2":16,"3":12,"4":4},"b":{"0":[18,5],"1":[4],"2":[16,5],"3":[1],"4":[1]}}
,"/Users/anand/ws/rat/genesis/grablin3/meta-cli/smartpump/src/lib/config.ts": {"path":"/Users/anand/ws/rat/genesis/grablin3/meta-cli/smartpump/src/lib/config.ts","statementMap":{"0":{"start":{"line":15,"column":28},"end":{"line":15,"column":42}},"1":{"start":{"line":18,"column":19},"end":{"line":18,"column":52}},"2":{"start":{"line":19,"column":23},"end":{"line":19,"column":45}},"3":{"start":{"line":21,"column":2},"end":{"line":23,"column":3}},"4":{"start":{"line":22,"column":4},"end":{"line":22,"column":16}},"5":{"start":{"line":25,"column":2},"end":{"line":30,"column":3}},"6":{"start":{"line":26,"column":20},"end":{"line":26,"column":60}},"7":{"start":{"line":27,"column":4},"end":{"line":27,"column":48}},"8":{"start":{"line":29,"column":4},"end":{"line":29,"column":80}},"9":{"start":{"line":34,"column":19},"end":{"line":34,"column":52}},"10":{"start":{"line":35,"column":23},"end":{"line":35,"column":45}},"11":{"start":{"line":38,"column":43},"end":{"line":41,"column":4}},"12":{"start":{"line":43,"column":2},"end":{"line":43,"column":86}},"13":{"start":{"line":44,"column":2},"end":{"line":44,"column":22}},"14":{"start":{"line":48,"column":27},"end":{"line":48,"column":29}},"15":{"start":{"line":49,"column":29},"end":{"line":49,"column":31}},"16":{"start":{"line":52,"column":2},"end":{"line":56,"column":3}},"17":{"start":{"line":53,"column":4},"end":{"line":53,"column":43}},"18":{"start":{"line":54,"column":9},"end":{"line":56,"column":3}},"19":{"start":{"line":55,"column":4},"end":{"line":55,"column":116}},"20":{"start":{"line":58,"column":2},"end":{"line":62,"column":3}},"21":{"start":{"line":59,"column":4},"end":{"line":59,"column":38}},"22":{"start":{"line":60,"column":9},"end":{"line":62,"column":3}},"23":{"start":{"line":61,"column":4},"end":{"line":61,"column":72}},"24":{"start":{"line":64,"column":2},"end":{"line":68,"column":3}},"25":{"start":{"line":65,"column":4},"end":{"line":65,"column":43}},"26":{"start":{"line":66,"column":9},"end":{"line":68,"column":3}},"27":{"start":{"line":67,"column":4},"end":{"line":67,"column":55}},"28":{"start":{"line":70,"column":2},"end":{"line":86,"column":3}},"29":{"start":{"line":71,"column":4},"end":{"line":71,"column":45}},"30":{"start":{"line":72,"column":9},"end":{"line":86,"column":3}},"31":{"start":{"line":73,"column":4},"end":{"line":73,"column":66}},"32":{"start":{"line":76,"column":4},"end":{"line":79,"column":7}},"33":{"start":{"line":77,"column":27},"end":{"line":77,"column":56}},"34":{"start":{"line":78,"column":6},"end":{"line":78,"column":35}},"35":{"start":{"line":82,"column":24},"end":{"line":82,"column":69}},"36":{"start":{"line":82,"column":51},"end":{"line":82,"column":68}},"37":{"start":{"line":83,"column":4},"end":{"line":85,"column":5}},"38":{"start":{"line":84,"column":6},"end":{"line":84,"column":68}},"39":{"start":{"line":89,"column":2},"end":{"line":91,"column":3}},"40":{"start":{"line":90,"column":4},"end":{"line":90,"column":84}},"41":{"start":{"line":93,"column":2},"end":{"line":97,"column":4}},"42":{"start":{"line":101,"column":27},"end":{"line":101,"column":29}},"43":{"start":{"line":102,"column":17},"end":{"line":102,"column":36}},"44":{"start":{"line":104,"column":2},"end":{"line":108,"column":3}},"45":{"start":{"line":105,"column":4},"end":{"line":105,"column":79}},"46":{"start":{"line":106,"column":9},"end":{"line":108,"column":3}},"47":{"start":{"line":107,"column":4},"end":{"line":107,"column":81}},"48":{"start":{"line":110,"column":2},"end":{"line":112,"column":3}},"49":{"start":{"line":111,"column":4},"end":{"line":111,"column":46}},"50":{"start":{"line":114,"column":2},"end":{"line":118,"column":3}},"51":{"start":{"line":115,"column":4},"end":{"line":115,"column":50}},"52":{"start":{"line":116,"column":9},"end":{"line":118,"column":3}},"53":{"start":{"line":117,"column":4},"end":{"line":117,"column":74}},"54":{"start":{"line":120,"column":2},"end":{"line":120,"column":16}},"55":{"start":{"line":124,"column":2},"end":{"line":124,"column":45}}},"fnMap":{"0":{"name":"loadConfig","decl":{"start":{"line":17,"column":22},"end":{"line":17,"column":32}},"loc":{"start":{"line":17,"column":52},"end":{"line":31,"column":1}}},"1":{"name":"saveConfig","decl":{"start":{"line":33,"column":22},"end":{"line":33,"column":32}},"loc":{"start":{"line":33,"column":75},"end":{"line":45,"column":1}}},"2":{"name":"validateConfig","decl":{"start":{"line":47,"column":16},"end":{"line":47,"column":30}},"loc":{"start":{"line":47,"column":52},"end":{"line":98,"column":1}}},"3":{"name":"(anonymous_3)","decl":{"start":{"line":76,"column":27},"end":{"line":76,"column":28}},"loc":{"start":{"line":76,"column":45},"end":{"line":79,"column":5}}},"4":{"name":"(anonymous_4)","decl":{"start":{"line":82,"column":46},"end":{"line":82,"column":47}},"loc":{"start":{"line":82,"column":51},"end":{"line":82,"column":68}}},"5":{"name":"validateModule","decl":{"start":{"line":100,"column":9},"end":{"line":100,"column":23}},"loc":{"start":{"line":100,"column":59},"end":{"line":121,"column":1}}},"6":{"name":"getConfigPath","decl":{"start":{"line":123,"column":16},"end":{"line":123,"column":29}},"loc":{"start":{"line":123,"column":51},"end":{"line":125,"column":1}}}},"branchMap":{"0":{"loc":{"start":{"line":18,"column":19},"end":{"line":18,"column":52}},"type":"binary-expr","locations":[{"start":{"line":18,"column":19},"end":{"line":18,"column":29}},{"start":{"line":18,"column":33},"end":{"line":18,"column":52}}]},"1":{"loc":{"start":{"line":21,"column":2},"end":{"line":23,"column":3}},"type":"if","locations":[{"start":{"line":21,"column":2},"end":{"line":23,"column":3}}]},"2":{"loc":{"start":{"line":34,"column":19},"end":{"line":34,"column":52}},"type":"binary-expr","locations":[{"start":{"line":34,"column":19},"end":{"line":34,"column":29}},{"start":{"line":34,"column":33},"end":{"line":34,"column":52}}]},"3":{"loc":{"start":{"line":52,"column":2},"end":{"line":56,"column":3}},"type":"if","locations":[{"start":{"line":52,"column":2},"end":{"line":56,"column":3}},{"start":{"line":54,"column":9},"end":{"line":56,"column":3}}]},"4":{"loc":{"start":{"line":54,"column":9},"end":{"line":56,"column":3}},"type":"if","locations":[{"start":{"line":54,"column":9},"end":{"line":56,"column":3}}]},"5":{"loc":{"start":{"line":58,"column":2},"end":{"line":62,"column":3}},"type":"if","locations":[{"start":{"line":58,"column":2},"end":{"line":62,"column":3}},{"start":{"line":60,"column":9},"end":{"line":62,"column":3}}]},"6":{"loc":{"start":{"line":60,"column":9},"end":{"line":62,"column":3}},"type":"if","locations":[{"start":{"line":60,"column":9},"end":{"line":62,"column":3}}]},"7":{"loc":{"start":{"line":64,"column":2},"end":{"line":68,"column":3}},"type":"if","locations":[{"start":{"line":64,"column":2},"end":{"line":68,"column":3}},{"start":{"line":66,"column":9},"end":{"line":68,"column":3}}]},"8":{"loc":{"start":{"line":66,"column":9},"end":{"line":68,"column":3}},"type":"if","locations":[{"start":{"line":66,"column":9},"end":{"line":68,"column":3}}]},"9":{"loc":{"start":{"line":70,"column":2},"end":{"line":86,"column":3}},"type":"if","locations":[{"start":{"line":70,"column":2},"end":{"line":86,"column":3}},{"start":{"line":72,"column":9},"end":{"line":86,"column":3}}]},"10":{"loc":{"start":{"line":70,"column":6},"end":{"line":70,"column":55}},"type":"binary-expr","locations":[{"start":{"line":70,"column":6},"end":{"line":70,"column":21}},{"start":{"line":70,"column":25},"end":{"line":70,"column":55}}]},"11":{"loc":{"start":{"line":72,"column":9},"end":{"line":86,"column":3}},"type":"if","locations":[{"start":{"line":72,"column":9},"end":{"line":86,"column":3}},{"start":{"line":74,"column":9},"end":{"line":86,"column":3}}]},"12":{"loc":{"start":{"line":83,"column":4},"end":{"line":85,"column":5}},"type":"if","locations":[{"start":{"line":83,"column":4},"end":{"line":85,"column":5}}]},"13":{"loc":{"start":{"line":89,"column":2},"end":{"line":91,"column":3}},"type":"if","locations":[{"start":{"line":89,"column":2},"end":{"line":91,"column":3}}]},"14":{"loc":{"start":{"line":89,"column":6},"end":{"line":89,"column":65}},"type":"binary-expr","locations":[{"start":{"line":89,"column":6},"end":{"line":89,"column":26}},{"start":{"line":89,"column":30},"end":{"line":89,"column":65}}]},"15":{"loc":{"start":{"line":104,"column":2},"end":{"line":108,"column":3}},"type":"if","locations":[{"start":{"line":104,"column":2},"end":{"line":108,"column":3}},{"start":{"line":106,"column":9},"end":{"line":108,"column":3}}]},"16":{"loc":{"start":{"line":106,"column":9},"end":{"line":108,"column":3}},"type":"if","locations":[{"start":{"line":106,"column":9},"end":{"line":108,"column":3}}]},"17":{"loc":{"start":{"line":110,"column":2},"end":{"line":112,"column":3}},"type":"if","locations":[{"start":{"line":110,"column":2},"end":{"line":112,"column":3}}]},"18":{"loc":{"start":{"line":114,"column":2},"end":{"line":118,"column":3}},"type":"if","locations":[{"start":{"line":114,"column":2},"end":{"line":118,"column":3}},{"start":{"line":116,"column":9},"end":{"line":118,"column":3}}]},"19":{"loc":{"start":{"line":116,"column":9},"end":{"line":118,"column":3}},"type":"if","locations":[{"start":{"line":116,"column":9},"end":{"line":118,"column":3}}]},"20":{"loc":{"start":{"line":124,"column":9},"end":{"line":124,"column":44}},"type":"binary-expr","locations":[{"start":{"line":124,"column":9},"end":{"line":124,"column":21}},{"start":{"line":124,"column":25},"end":{"line":124,"column":44}}]}},"s":{"0":1,"1":3,"2":3,"3":3,"4":1,"5":2,"6":2,"7":2,"8":1,"9":1,"10":1,"11":1,"12":1,"13":1,"14":16,"15":16,"16":16,"17":1,"18":15,"19":1,"20":16,"21":0,"22":16,"23":1,"24":16,"25":0,"26":16,"27":1,"28":16,"29":0,"30":16,"31":10,"32":6,"33":6,"34":6,"35":6,"36":6,"37":6,"38":3,"39":16,"40":1,"41":16,"42":6,"43":6,"44":6,"45":1,"46":5,"47":1,"48":6,"49":1,"50":6,"51":0,"52":6,"53":1,"54":6,"55":2},"f":{"0":3,"1":1,"2":16,"3":6,"4":6,"5":6,"6":2},"b":{"0":[3,0],"1":[1],"2":[1,0],"3":[1,15],"4":[1],"5":[0,16],"6":[1],"7":[0,16],"8":[1],"9":[0,16],"10":[16,16],"11":[10,6],"12":[3],"13":[1],"14":[16,15],"15":[1,5],"16":[1],"17":[1],"18":[0,6],"19":[1],"20":[2,1]}}
,"/Users/anand/ws/rat/genesis/grablin3/meta-cli/smartpump/src/lib/generator.ts": {"path":"/Users/anand/ws/rat/genesis/grablin3/meta-cli/smartpump/src/lib/generator.ts","statementMap":{"0":{"start":{"line":6,"column":24},"end":{"line":6,"column":49}},"1":{"start":{"line":33,"column":78},"end":{"line":33,"column":85}},"2":{"start":{"line":36,"column":2},"end":{"line":42,"column":3}},"3":{"start":{"line":37,"column":4},"end":{"line":41,"column":6}},"4":{"start":{"line":45,"column":18},"end":{"line":69,"column":4}},"5":{"start":{"line":53,"column":38},"end":{"line":60,"column":6}},"6":{"start":{"line":71,"column":2},"end":{"line":74,"column":3}},"7":{"start":{"line":72,"column":4},"end":{"line":72,"column":36}},"8":{"start":{"line":73,"column":4},"end":{"line":73,"column":62}},"9":{"start":{"line":76,"column":2},"end":{"line":161,"column":3}},"10":{"start":{"line":77,"column":21},"end":{"line":84,"column":6}},"11":{"start":{"line":86,"column":4},"end":{"line":93,"column":5}},"12":{"start":{"line":87,"column":24},"end":{"line":87,"column":45}},"13":{"start":{"line":88,"column":6},"end":{"line":92,"column":8}},"14":{"start":{"line":96,"column":24},"end":{"line":96,"column":60}},"15":{"start":{"line":99,"column":4},"end":{"line":124,"column":5}},"16":{"start":{"line":100,"column":21},"end":{"line":100,"column":null}},"17":{"start":{"line":110,"column":6},"end":{"line":116,"column":7}},"18":{"start":{"line":111,"column":8},"end":{"line":115,"column":10}},"19":{"start":{"line":118,"column":6},"end":{"line":123,"column":8}},"20":{"start":{"line":127,"column":4},"end":{"line":148,"column":5}},"21":{"start":{"line":128,"column":21},"end":{"line":128,"column":49}},"22":{"start":{"line":129,"column":22},"end":{"line":129,"column":68}},"23":{"start":{"line":132,"column":6},"end":{"line":132,"column":33}},"24":{"start":{"line":135,"column":6},"end":{"line":135,"column":55}},"25":{"start":{"line":138,"column":28},"end":{"line":138,"column":61}},"26":{"start":{"line":141,"column":6},"end":{"line":141,"column":31}},"27":{"start":{"line":143,"column":6},"end":{"line":147,"column":8}},"28":{"start":{"line":150,"column":4},"end":{"line":154,"column":6}},"29":{"start":{"line":156,"column":4},"end":{"line":160,"column":6}},"30":{"start":{"line":169,"column":23},"end":{"line":169,"column":52}},"31":{"start":{"line":170,"column":21},"end":{"line":170,"column":73}},"32":{"start":{"line":172,"column":2},"end":{"line":172,"column":33}},"33":{"start":{"line":173,"column":2},"end":{"line":173,"column":74}},"34":{"start":{"line":175,"column":2},"end":{"line":175,"column":20}},"35":{"start":{"line":193,"column":2},"end":{"line":217,"column":3}},"36":{"start":{"line":194,"column":21},"end":{"line":194,"column":57}},"37":{"start":{"line":196,"column":4},"end":{"line":201,"column":5}},"38":{"start":{"line":197,"column":6},"end":{"line":200,"column":8}},"39":{"start":{"line":203,"column":19},"end":{"line":203,"column":null}},"40":{"start":{"line":208,"column":4},"end":{"line":211,"column":6}},"41":{"start":{"line":213,"column":4},"end":{"line":216,"column":6}}},"fnMap":{"0":{"name":"generate","decl":{"start":{"line":32,"column":22},"end":{"line":32,"column":30}},"loc":{"start":{"line":32,"column":55},"end":{"line":162,"column":1}}},"1":{"name":"(anonymous_1)","decl":{"start":{"line":53,"column":32},"end":{"line":53,"column":33}},"loc":{"start":{"line":53,"column":38},"end":{"line":60,"column":6}}},"2":{"name":"extractZip","decl":{"start":{"line":167,"column":15},"end":{"line":167,"column":25}},"loc":{"start":{"line":167,"column":60},"end":{"line":176,"column":1}}},"3":{"name":"listModules","decl":{"start":{"line":181,"column":22},"end":{"line":181,"column":33}},"loc":{"start":{"line":181,"column":66},"end":{"line":218,"column":1}}}},"branchMap":{"0":{"loc":{"start":{"line":33,"column":18},"end":{"line":33,"column":42}},"type":"default-arg","locations":[{"start":{"line":33,"column":27},"end":{"line":33,"column":42}}]},"1":{"loc":{"start":{"line":36,"column":2},"end":{"line":42,"column":3}},"type":"if","locations":[{"start":{"line":36,"column":2},"end":{"line":42,"column":3}}]},"2":{"loc":{"start":{"line":48,"column":19},"end":{"line":48,"column":87}},"type":"binary-expr","locations":[{"start":{"line":48,"column":19},"end":{"line":48,"column":37}},{"start":{"line":48,"column":41},"end":{"line":48,"column":87}}]},"3":{"loc":{"start":{"line":57,"column":14},"end":{"line":57,"column":28}},"type":"binary-expr","locations":[{"start":{"line":57,"column":14},"end":{"line":57,"column":22}},{"start":{"line":57,"column":26},"end":{"line":57,"column":28}}]},"4":{"loc":{"start":{"line":59,"column":19},"end":{"line":59,"column":38}},"type":"binary-expr","locations":[{"start":{"line":59,"column":19},"end":{"line":59,"column":32}},{"start":{"line":59,"column":36},"end":{"line":59,"column":38}}]},"5":{"loc":{"start":{"line":61,"column":18},"end":{"line":61,"column":67}},"type":"binary-expr","locations":[{"start":{"line":61,"column":18},"end":{"line":61,"column":37}},{"start":{"line":61,"column":41},"end":{"line":61,"column":67}}]},"6":{"loc":{"start":{"line":64,"column":12},"end":{"line":64,"column":43}},"type":"cond-expr","locations":[{"start":{"line":64,"column":27},"end":{"line":64,"column":35}},{"start":{"line":64,"column":38},"end":{"line":64,"column":43}}]},"7":{"loc":{"start":{"line":65,"column":12},"end":{"line":68,"column":17}},"type":"cond-expr","locations":[{"start":{"line":65,"column":27},"end":{"line":68,"column":6}},{"start":{"line":68,"column":8},"end":{"line":68,"column":17}}]},"8":{"loc":{"start":{"line":66,"column":12},"end":{"line":66,"column":91}},"type":"binary-expr","locations":[{"start":{"line":66,"column":12},"end":{"line":66,"column":28}},{"start":{"line":66,"column":32},"end":{"line":66,"column":91}}]},"9":{"loc":{"start":{"line":67,"column":15},"end":{"line":67,"column":39}},"type":"binary-expr","locations":[{"start":{"line":67,"column":15},"end":{"line":67,"column":30}},{"start":{"line":67,"column":34},"end":{"line":67,"column":39}}]},"10":{"loc":{"start":{"line":71,"column":2},"end":{"line":74,"column":3}},"type":"if","locations":[{"start":{"line":71,"column":2},"end":{"line":74,"column":3}}]},"11":{"loc":{"start":{"line":86,"column":4},"end":{"line":93,"column":5}},"type":"if","locations":[{"start":{"line":86,"column":4},"end":{"line":93,"column":5}}]},"12":{"loc":{"start":{"line":99,"column":4},"end":{"line":124,"column":5}},"type":"if","locations":[{"start":{"line":99,"column":4},"end":{"line":124,"column":5}}]},"13":{"loc":{"start":{"line":99,"column":8},"end":{"line":99,"column":65}},"type":"binary-expr","locations":[{"start":{"line":99,"column":8},"end":{"line":99,"column":20}},{"start":{"line":99,"column":24},"end":{"line":99,"column":65}}]},"14":{"loc":{"start":{"line":110,"column":6},"end":{"line":116,"column":7}},"type":"if","locations":[{"start":{"line":110,"column":6},"end":{"line":116,"column":7}}]},"15":{"loc":{"start":{"line":114,"column":17},"end":{"line":114,"column":52}},"type":"binary-expr","locations":[{"start":{"line":114,"column":17},"end":{"line":114,"column":29}},{"start":{"line":114,"column":33},"end":{"line":114,"column":52}}]},"16":{"loc":{"start":{"line":120,"column":19},"end":{"line":120,"column":46}},"type":"binary-expr","locations":[{"start":{"line":120,"column":19},"end":{"line":120,"column":41}},{"start":{"line":120,"column":45},"end":{"line":120,"column":46}}]},"17":{"loc":{"start":{"line":127,"column":4},"end":{"line":148,"column":5}},"type":"if","locations":[{"start":{"line":127,"column":4},"end":{"line":148,"column":5}}]},"18":{"loc":{"start":{"line":181,"column":34},"end":{"line":181,"column":66}},"type":"default-arg","locations":[{"start":{"line":181,"column":51},"end":{"line":181,"column":66}}]},"19":{"loc":{"start":{"line":196,"column":4},"end":{"line":201,"column":5}},"type":"if","locations":[{"start":{"line":196,"column":4},"end":{"line":201,"column":5}}]},"20":{"loc":{"start":{"line":210,"column":15},"end":{"line":210,"column":41}},"type":"binary-expr","locations":[{"start":{"line":210,"column":15},"end":{"line":210,"column":35}},{"start":{"line":210,"column":39},"end":{"line":210,"column":41}}]}},"s":{"0":1,"1":8,"2":8,"3":1,"4":7,"5":7,"6":7,"7":0,"8":0,"9":7,"10":7,"11":6,"12":1,"13":1,"14":5,"15":5,"16":4,"17":4,"18":1,"19":3,"20":1,"21":0,"22":0,"23":0,"24":0,"25":0,"26":0,"27":0,"28":1,"29":1,"30":0,"31":0,"32":0,"33":0,"34":0,"35":4,"36":4,"37":3,"38":1,"39":2,"40":2,"41":1},"f":{"0":8,"1":7,"2":0,"3":4},"b":{"0":[7],"1":[1],"2":[7,7],"3":[7,0],"4":[7,7],"5":[7,0],"6":[6,1],"7":[6,1],"8":[6,6],"9":[6,6],"10":[0],"11":[1],"12":[4],"13":[5,1],"14":[1],"15":[1,0],"16":[3,1],"17":[0],"18":[3],"19":[1],"20":[2,0]}}
}
