TN:
SF:src/lib/auth.ts
FN:2,(anonymous_0)
FN:12,getToken
FN:26,hasToken
FN:34,getAuthHeaders
FN:44,getGitHubUser
FNF:5
FNH:5
FNDA:4,(anonymous_0)
FNDA:18,getToken
FNDA:16,hasToken
FNDA:12,getAuthHeaders
FNDA:4,getGitHubUser
DA:3,4
DA:4,4
DA:13,18
DA:14,18
DA:15,4
DA:20,14
DA:27,16
DA:35,12
DA:50,4
DA:51,1
DA:54,3
DA:55,3
DA:63,2
DA:64,1
DA:71,1
DA:73,1
LF:16
LH:16
BRDA:13,0,0,18
BRDA:13,0,1,5
BRDA:14,1,0,4
BRDA:27,2,0,16
BRDA:27,2,1,5
BRDA:50,3,0,1
BRDA:63,4,0,1
BRF:7
BRH:7
end_of_record
TN:
SF:src/lib/config.ts
FN:17,loadConfig
FN:33,saveConfig
FN:47,validateConfig
FN:76,(anonymous_3)
FN:82,(anonymous_4)
FN:100,validateModule
FN:123,getConfigPath
FNF:7
FNH:7
FNDA:3,loadConfig
FNDA:1,saveConfig
FNDA:16,validateConfig
FNDA:6,(anonymous_3)
FNDA:6,(anonymous_4)
FNDA:6,validateModule
FNDA:2,getConfigPath
DA:15,1
DA:18,3
DA:19,3
DA:21,3
DA:22,1
DA:25,2
DA:26,2
DA:27,2
DA:29,1
DA:34,1
DA:35,1
DA:38,1
DA:43,1
DA:44,1
DA:48,16
DA:49,16
DA:52,16
DA:53,1
DA:54,15
DA:55,1
DA:58,16
DA:59,0
DA:60,16
DA:61,1
DA:64,16
DA:65,0
DA:66,16
DA:67,1
DA:70,16
DA:71,0
DA:72,16
DA:73,10
DA:76,6
DA:77,6
DA:78,6
DA:82,6
DA:83,6
DA:84,3
DA:89,16
DA:90,1
DA:93,16
DA:101,6
DA:102,6
DA:104,6
DA:105,1
DA:106,5
DA:107,1
DA:110,6
DA:111,1
DA:114,6
DA:115,0
DA:116,6
DA:117,1
DA:120,6
DA:124,2
LF:55
LH:51
BRDA:18,0,0,3
BRDA:18,0,1,0
BRDA:21,1,0,1
BRDA:34,2,0,1
BRDA:34,2,1,0
BRDA:52,3,0,1
BRDA:52,3,1,15
BRDA:54,4,0,1
BRDA:58,5,0,0
BRDA:58,5,1,16
BRDA:60,6,0,1
BRDA:64,7,0,0
BRDA:64,7,1,16
BRDA:66,8,0,1
BRDA:70,9,0,0
BRDA:70,9,1,16
BRDA:70,10,0,16
BRDA:70,10,1,16
BRDA:72,11,0,10
BRDA:72,11,1,6
BRDA:83,12,0,3
BRDA:89,13,0,1
BRDA:89,14,0,16
BRDA:89,14,1,15
BRDA:104,15,0,1
BRDA:104,15,1,5
BRDA:106,16,0,1
BRDA:110,17,0,1
BRDA:114,18,0,0
BRDA:114,18,1,6
BRDA:116,19,0,1
BRDA:124,20,0,2
BRDA:124,20,1,1
BRF:33
BRH:27
end_of_record
TN:
SF:src/lib/generator.ts
FN:32,generate
FN:53,(anonymous_1)
FN:167,extractZip
FN:181,listModules
FNF:4
FNH:3
FNDA:8,generate
FNDA:7,(anonymous_1)
FNDA:0,extractZip
FNDA:4,listModules
DA:6,1
DA:33,8
DA:36,8
DA:37,1
DA:45,7
DA:53,7
DA:71,7
DA:72,0
DA:73,0
DA:76,7
DA:77,7
DA:86,6
DA:87,1
DA:88,1
DA:96,5
DA:99,5
DA:100,4
DA:110,4
DA:111,1
DA:118,3
DA:127,1
DA:128,0
DA:129,0
DA:132,0
DA:135,0
DA:138,0
DA:141,0
DA:143,0
DA:150,1
DA:156,1
DA:169,0
DA:170,0
DA:172,0
DA:173,0
DA:175,0
DA:193,4
DA:194,4
DA:196,3
DA:197,1
DA:203,2
DA:208,2
DA:213,1
LF:42
LH:28
BRDA:33,0,0,7
BRDA:36,1,0,1
BRDA:48,2,0,7
BRDA:48,2,1,7
BRDA:57,3,0,7
BRDA:57,3,1,0
BRDA:59,4,0,7
BRDA:59,4,1,7
BRDA:61,5,0,7
BRDA:61,5,1,0
BRDA:64,6,0,6
BRDA:64,6,1,1
BRDA:65,7,0,6
BRDA:65,7,1,1
BRDA:66,8,0,6
BRDA:66,8,1,6
BRDA:67,9,0,6
BRDA:67,9,1,6
BRDA:71,10,0,0
BRDA:86,11,0,1
BRDA:99,12,0,4
BRDA:99,13,0,5
BRDA:99,13,1,1
BRDA:110,14,0,1
BRDA:114,15,0,1
BRDA:114,15,1,0
BRDA:120,16,0,3
BRDA:120,16,1,1
BRDA:127,17,0,0
BRDA:181,18,0,3
BRDA:196,19,0,1
BRDA:210,20,0,2
BRDA:210,20,1,0
BRF:33
BRH:27
end_of_record
